<?xml version="1.0" encoding="UTF-8"?>
<testsuite xmlns:xsi="http://www.w3.org/2001/XMLSchema-instance" xsi:noNamespaceSchemaLocation="https://maven.apache.org/surefire/maven-surefire-plugin/xsd/surefire-test-report-3.0.xsd" version="3.0" name="br.com.pi.rampage.RampageApplicationTests" time="5.575" tests="1" errors="0" skipped="0" failures="0">
  <properties>
[...]
</properties>
  <testcase name="contextLoads" classname="br.com.pi.rampage.RampageApplicationTests" time="1.733">
    <system-out><![CDATA[13:59:35.540 [main] INFO org.springframework.test.context.support.AnnotationConfigContextLoaderUtils -- Could not detect default configuration classes for test class [br.com.pi.rampage.RampageApplicationTests]: RampageApplicationTests does not declare any static, non-private, non-final, nested classes annotated with @Configuration.
13:59:35.766 [main] INFO org.springframework.boot.test.context.SpringBootTestContextBootstrapper -- Found @SpringBootConfiguration br.com.pi.rampage.RampageApplication for test class br.com.pi.rampage.RampageApplicationTests
13:59:36.057 [main] INFO org.springframework.boot.devtools.restart.RestartApplicationListener -- Restart disabled due to context in which it is running

  .   ____          _            __ _ _
 /\\ / ___'_ __ _ _(_)_ __  __ _ \ \ \ \
( ( )\___ | '_ | '_| | '_ \/ _` | \ \ \ \
 \\/  ___)| |_)| | | | | || (_| |  ) ) ) )
  '  |____| .__|_| |_|_| |_\__, | / / / /
 =========|_|==============|___/=/_/_/_/

 :: Spring Boot ::                (v3.3.3)

2024-08-27T13:59:36.609-03:00  INFO 10832 --- [rampage] [           main] b.c.pi.rampage.RampageApplicationTests   : Starting RampageApplicationTests using Java 21.0.4 with PID 10832 (started by Secretaria in c:\Users\Secretaria\Desktop\rampage)
2024-08-27T13:59:36.612-03:00  INFO 10832 --- [rampage] [           main] b.c.pi.rampage.RampageApplicationTests   : No active profile set, falling back to 1 default profile: "default"
2024-08-27T13:59:38.603-03:00  WARN 10832 --- [rampage] [           main] .s.s.UserDetailsServiceAutoConfiguration : 

Using generated security password: d0546c71-03c0-4541-99a3-a3ec324aacd6

This generated password is for development use only. Your security configuration must be updated before running your application in production.

2024-08-27T13:59:38.701-03:00  INFO 10832 --- [rampage] [           main] r$InitializeUserDetailsManagerConfigurer : Global AuthenticationManager configured with UserDetailsService bean with name inMemoryUserDetailsManager
2024-08-27T13:59:38.944-03:00  INFO 10832 --- [rampage] [           main] b.c.pi.rampage.RampageApplicationTests   : Started RampageApplicationTests in 2.909 seconds (process running for 5.255)
]]></system-out>
    <system-err><![CDATA[WARNING: A Java agent has been loaded dynamically (C:\Users\Secretaria\.m2\repository\net\bytebuddy\byte-buddy-agent\1.14.19\byte-buddy-agent-1.14.19.jar)
WARNING: If a serviceability tool is in use, please run with -XX:+EnableDynamicAgentLoading to hide this warning
WARNING: If a serviceability tool is not in use, please run with -Djdk.instrument.traceUsage for more information
WARNING: Dynamic loading of agents will be disallowed by default in a future release
]]></system-err>
  </testcase>
</testsuite>